<?xml version="1.0" encoding="UTF-8"?>
<!-- Generated by org.testng.reporters.JUnitReportReporter -->
<testsuite hostname="Desktop-Monitor-2nd-Floor-Room3" failures="0" tests="1" name="demo_testng.DemoTakeScreenshot" time="6.095" errors="0" timestamp="2024-05-10T20:04:47 IST" skipped="0">
  <testcase classname="demo_testng.DemoTakeScreenshot" name="demo" time="6.095"/>
</testsuite> <!-- demo_testng.DemoTakeScreenshot -->
