<?xml version="1.0" encoding="UTF-8"?>
<!-- Generated by org.testng.reporters.JUnitReportReporter -->
<testsuite hostname="Desktop-Monitor-2nd-Floor-Room3" failures="0" tests="3" name="demo_testng.DemoA" time="0.024" errors="0" timestamp="2024-05-03T19:22:17 IST" skipped="0">
  <testcase classname="demo_testng.DemoA" name="demoB" time="0.005"/>
  <testcase classname="demo_testng.DemoA" name="demoA" time="0.016">
    <system-out>
      <![CDATA[Hello World]]>
    </system-out>
  </testcase> <!-- demoA -->
  <testcase classname="demo_testng.DemoA" name="demoC" time="0.003">
    <system-out>
      <![CDATA[Bye World]]>
    </system-out>
  </testcase> <!-- demoC -->
  <system-out>
    <![CDATA[Hello World
Bye World]]>
  </system-out>
</testsuite> <!-- demo_testng.DemoA -->
