<?xml version="1.0" encoding="UTF-8"?>
<!-- Generated by org.testng.reporters.JUnitReportReporter -->
<testsuite hostname="Desktop-Monitor-2nd-Floor-Room3" failures="0" tests="2" name="com.actitime.testscript.ProjectModule" time="21.661" errors="0" timestamp="2024-05-27T20:26:37 IST" skipped="0">
  <testcase classname="com.actitime.testscript.ProjectModule" name="createProject" time="9.671">
    <system-out>
      <![CDATA[createProject
createProject has been passed]]>
    </system-out>
  </testcase> <!-- createProject -->
  <testcase classname="com.actitime.testscript.ProjectModule" name="createProject" time="11.990">
    <system-out>
      <![CDATA[createProject
createProject has been passed]]>
    </system-out>
  </testcase> <!-- createProject -->
  <system-out>
    <![CDATA[openBrowser
openBrowser
login
login
createProject
createProject has been passed
logout
createCustomer has been skipped
createUser has been skipped
createProject
createProject has been passed
logout
createCustomer has been skipped
createUser has been skipped
closeBrowser
openBrowser
login
createProject has been failed
createProject has been failed
closeBrowser
closeBrowser]]>
  </system-out>
</testsuite> <!-- com.actitime.testscript.ProjectModule -->
